<?xml version="1.0" encoding="UTF-8"?>
<!-- Generated by org.testng.reporters.JUnitXMLReporter -->
<testsuite hostname="DESKTOP-HGE39OB" ignored="3" name="Default test" tests="1" failures="0" timestamp="2020-03-13T08:47:51 IST" time="13.411" errors="0">
  <testcase name="smartBearDDdemo" time="13.365" classname="seleniumPractice.DropDownDemo1"/>
  <testcase name="multiselectDDExmaple" time="0.0" classname="seleniumPractice.DropDownDemo1">
    <ignored/>
  </testcase> <!-- multiselectDDExmaple -->
  <testcase name="jQueryDDHandling" time="0.0" classname="seleniumPractice.DropDownDemo1">
    <ignored/>
  </testcase> <!-- jQueryDDHandling -->
  <testcase name="selectNormalDropdown" time="0.0" classname="seleniumPractice.DropDownDemo1">
    <ignored/>
  </testcase> <!-- selectNormalDropdown -->
</testsuite> <!-- Default test -->
