<?xml version="1.0" encoding="UTF-8"?>
<testng-results skipped="0" failed="0" ignored="3" total="4" passed="1">
  <reporter-output>
  </reporter-output>
  <suite name="Default suite" duration-ms="13411" started-at="2020-03-13T08:47:38 IST" finished-at="2020-03-13T08:47:51 IST">
    <groups>
    </groups>
    <test name="Default test" duration-ms="13411" started-at="2020-03-13T08:47:38 IST" finished-at="2020-03-13T08:47:51 IST">
      <class name="seleniumPractice.DropDownDemo1">
        <test-method status="PASS" signature="smartBearDDdemo()[pri:0, instance:seleniumPractice.DropDownDemo1@67205a84]" name="smartBearDDdemo" duration-ms="13365" started-at="2020-03-13T08:47:38 IST" finished-at="2020-03-13T08:47:51 IST">
          <reporter-output>
          </reporter-output>
        </test-method> <!-- smartBearDDdemo -->
      </class> <!-- seleniumPractice.DropDownDemo1 -->
    </test> <!-- Default test -->
  </suite> <!-- Default suite -->
</testng-results>
